24-12-28 21:58:00.180 [scheduling-1] INFO  c.s.service.impl.UserRepositoryImpl - list of user  
24-12-28 21:58:00.256 [scheduling-1] INFO  o.a.k.c.producer.ProducerConfig - ProducerConfig values: 
	acks = -1
	auto.include.jmx.reporter = true
	batch.size = 16384
	bootstrap.servers = [pkc-l7pr2.ap-south-1.aws.confluent.cloud:9092]
	buffer.memory = 33554432
	client.dns.lookup = use_all_dns_ips
	client.id = sbapplication-producer-1
	compression.gzip.level = -1
	compression.lz4.level = 9
	compression.type = none
	compression.zstd.level = 3
	connections.max.idle.ms = 540000
	delivery.timeout.ms = 120000
	enable.idempotence = true
	enable.metrics.push = true
	interceptor.classes = []
	key.serializer = class org.apache.kafka.common.serialization.StringSerializer
	linger.ms = 0
	max.block.ms = 60000
	max.in.flight.requests.per.connection = 5
	max.request.size = 1048576
	metadata.max.age.ms = 300000
	metadata.max.idle.ms = 300000
	metadata.recovery.strategy = none
	metric.reporters = []
	metrics.num.samples = 2
	metrics.recording.level = INFO
	metrics.sample.window.ms = 30000
	partitioner.adaptive.partitioning.enable = true
	partitioner.availability.timeout.ms = 0
	partitioner.class = null
	partitioner.ignore.keys = false
	receive.buffer.bytes = 32768
	reconnect.backoff.max.ms = 1000
	reconnect.backoff.ms = 50
	request.timeout.ms = 30000
	retries = 2147483647
	retry.backoff.max.ms = 1000
	retry.backoff.ms = 100
	sasl.client.callback.handler.class = null
	sasl.jaas.config = [hidden]
	sasl.kerberos.kinit.cmd = /usr/bin/kinit
	sasl.kerberos.min.time.before.relogin = 60000
	sasl.kerberos.service.name = null
	sasl.kerberos.ticket.renew.jitter = 0.05
	sasl.kerberos.ticket.renew.window.factor = 0.8
	sasl.login.callback.handler.class = null
	sasl.login.class = null
	sasl.login.connect.timeout.ms = null
	sasl.login.read.timeout.ms = null
	sasl.login.refresh.buffer.seconds = 300
	sasl.login.refresh.min.period.seconds = 60
	sasl.login.refresh.window.factor = 0.8
	sasl.login.refresh.window.jitter = 0.05
	sasl.login.retry.backoff.max.ms = 10000
	sasl.login.retry.backoff.ms = 100
	sasl.mechanism = PLAIN
	sasl.oauthbearer.clock.skew.seconds = 30
	sasl.oauthbearer.expected.audience = null
	sasl.oauthbearer.expected.issuer = null
	sasl.oauthbearer.jwks.endpoint.refresh.ms = 3600000
	sasl.oauthbearer.jwks.endpoint.retry.backoff.max.ms = 10000
	sasl.oauthbearer.jwks.endpoint.retry.backoff.ms = 100
	sasl.oauthbearer.jwks.endpoint.url = null
	sasl.oauthbearer.scope.claim.name = scope
	sasl.oauthbearer.sub.claim.name = sub
	sasl.oauthbearer.token.endpoint.url = null
	security.protocol = SASL_SSL
	security.providers = null
	send.buffer.bytes = 131072
	socket.connection.setup.timeout.max.ms = 30000
	socket.connection.setup.timeout.ms = 10000
	ssl.cipher.suites = null
	ssl.enabled.protocols = [TLSv1.2, TLSv1.3]
	ssl.endpoint.identification.algorithm = https
	ssl.engine.factory.class = null
	ssl.key.password = null
	ssl.keymanager.algorithm = SunX509
	ssl.keystore.certificate.chain = null
	ssl.keystore.key = null
	ssl.keystore.location = null
	ssl.keystore.password = null
	ssl.keystore.type = JKS
	ssl.protocol = TLSv1.3
	ssl.provider = null
	ssl.secure.random.implementation = null
	ssl.trustmanager.algorithm = PKIX
	ssl.truststore.certificates = null
	ssl.truststore.location = null
	ssl.truststore.password = null
	ssl.truststore.type = JKS
	transaction.timeout.ms = 60000
	transactional.id = null
	value.serializer = class org.springframework.kafka.support.serializer.JsonSerializer
 
24-12-28 21:58:00.259 [scheduling-1] INFO  o.a.k.c.t.i.KafkaMetricsCollector - initializing Kafka metrics collector 
24-12-28 21:58:00.334 [scheduling-1] INFO  o.a.k.clients.producer.KafkaProducer - [Producer clientId=sbapplication-producer-1] Instantiated an idempotent producer. 
24-12-28 21:58:00.417 [scheduling-1] INFO  o.a.k.c.producer.ProducerConfig - These configurations '[session.timeout.ms]' were supplied but are not used yet. 
24-12-28 21:58:00.418 [scheduling-1] INFO  o.a.kafka.common.utils.AppInfoParser - Kafka version: 3.8.1 
24-12-28 21:58:00.418 [scheduling-1] INFO  o.a.kafka.common.utils.AppInfoParser - Kafka commitId: 70d6ff42debf7e17 
24-12-28 21:58:00.418 [scheduling-1] INFO  o.a.kafka.common.utils.AppInfoParser - Kafka startTimeMs: 1735403280418 
24-12-28 21:58:00.879 [kafka-producer-network-thread | sbapplication-producer-1] INFO  org.apache.kafka.clients.Metadata - [Producer clientId=sbapplication-producer-1] Cluster ID: lkc-2knx52 
24-12-28 21:58:00.880 [kafka-producer-network-thread | sbapplication-producer-1] INFO  o.a.k.c.p.i.TransactionManager - [Producer clientId=sbapplication-producer-1] ProducerId set to 2114342335 with epoch 0 
24-12-28 21:58:00.881 [kafka-producer-network-thread | sbapplication-producer-1] INFO  o.a.k.c.t.i.ClientTelemetryReporter - Client telemetry registered with client instance id: cJr4Mf-XSp-6WIHOjULH2g 
24-12-28 21:58:15.610 [org.springframework.kafka.KafkaListenerEndpointContainer#0-0-C-1] INFO  c.s.service.impl.EmailServiceImpl - Mail sent successfully 
